<?xml version="1.0" encoding="UTF-8"?>
<!-- Generated by org.testng.reporters.JUnitReportReporter -->
<testsuite hostname="LAPTOP-GU4DCSBO" failures="0" tests="1" name="testpkg.Peachmodetest" time="74.299" errors="0" timestamp="2023-11-27T20:04:04 IST" skipped="0">
  <testcase classname="testpkg.Peachmodetest" name="Peachmodetest" time="74.299"/>
  <system-out/>
</testsuite> <!-- testpkg.Peachmodetest -->
